<?xml version="1.0" encoding="UTF-8"?>
<testng-results ignored="0" total="1" passed="1" failed="0" skipped="0">
  <reporter-output>
  </reporter-output>
  <suite started-at="2025-08-29T18:55:37 IST" name="Default suite" finished-at="2025-08-29T18:55:52 IST" duration-ms="14386">
    <groups>
    </groups>
    <test started-at="2025-08-29T18:55:37 IST" name="Default test" finished-at="2025-08-29T18:55:52 IST" duration-ms="14386">
      <class name="PlaywrightDemo.LoginAndLogout">
        <test-method is-config="true" signature="setup()[pri:0, instance:PlaywrightDemo.LoginAndLogout@55b7a4e0]" started-at="2025-08-29T18:55:37 IST" name="setup" finished-at="2025-08-29T18:55:49 IST" duration-ms="11372" status="PASS">
          <reporter-output>
          </reporter-output>
        </test-method> <!-- setup -->
        <test-method signature="testLoginAndLogout()[pri:0, instance:PlaywrightDemo.LoginAndLogout@55b7a4e0]" started-at="2025-08-29T18:55:49 IST" name="testLoginAndLogout" finished-at="2025-08-29T18:55:51 IST" duration-ms="2624" status="PASS">
          <reporter-output>
          </reporter-output>
        </test-method> <!-- testLoginAndLogout -->
        <test-method is-config="true" signature="tearDown()[pri:0, instance:PlaywrightDemo.LoginAndLogout@55b7a4e0]" started-at="2025-08-29T18:55:51 IST" name="tearDown" finished-at="2025-08-29T18:55:52 IST" duration-ms="348" status="PASS">
          <reporter-output>
          </reporter-output>
        </test-method> <!-- tearDown -->
      </class> <!-- PlaywrightDemo.LoginAndLogout -->
    </test> <!-- Default test -->
  </suite> <!-- Default suite -->
</testng-results>
